# JRE version: Java(TM) SE Runtime Environment (8.0_40-b25) (build 1.8.0_40-b25)
# Java VM: Java HotSpot(TM) 64-Bit Server VM (25.40-b25 mixed mode windows-amd64 compressed oops)
Heap:
 PSYoungGen      total 28160K, used 9338K [0x00000000e0a00000, 0x00000000e4180000, 0x0000000100000000)
  eden space 24064K, 21% used [0x00000000e0a00000,0x00000000e0f21d20,0x00000000e2180000)
  from space 4096K, 99% used [0x00000000e2200000,0x00000000e25fce10,0x00000000e2600000)
  to   space 16384K, 0% used [0x00000000e3180000,0x00000000e3180000,0x00000000e4180000)
 ParOldGen       total 65536K, used 19630K [0x00000000a1e00000, 0x00000000a5e00000, 0x00000000e0a00000)
  object space 65536K, 29% used [0x00000000a1e00000,0x00000000a312bab0,0x00000000a5e00000)
 Metaspace       used 11363K, capacity 12402K, committed 12672K, reserved 1060864K
  class space    used 1352K, capacity 1390K, committed 1408K, reserved 1048576K
GC Heap History (10 events):
Event: 1.569 GC heap before
{Heap before GC invocations=1 (full 0):
 PSYoungGen      total 28672K, used 24576K [0x00000000e0a00000, 0x00000000e2a00000, 0x0000000100000000)
  eden space 24576K, 100% used [0x00000000e0a00000,0x00000000e2200000,0x00000000e2200000)
  from space 4096K, 0% used [0x00000000e2600000,0x00000000e2600000,0x00000000e2a00000)
  to   space 4096K, 0% used [0x00000000e2200000,0x00000000e2200000,0x00000000e2600000)
 ParOldGen       total 65536K, used 0K [0x00000000a1e00000, 0x00000000a5e00000, 0x00000000e0a00000)
  object space 65536K, 0% used [0x00000000a1e00000,0x00000000a1e00000,0x00000000a5e00000)
 Metaspace       used 7601K, capacity 8658K, committed 8960K, reserved 1056768K
  class space    used 849K, capacity 910K, committed 1024K, reserved 1048576K
Event: 1.575 GC heap after
Heap after GC invocations=1 (full 0):
 PSYoungGen      total 28672K, used 4087K [0x00000000e0a00000, 0x00000000e2a00000, 0x0000000100000000)
  eden space 24576K, 0% used [0x00000000e0a00000,0x00000000e0a00000,0x00000000e2200000)
  from space 4096K, 99% used [0x00000000e2200000,0x00000000e25fdc18,0x00000000e2600000)
  to   space 4096K, 0% used [0x00000000e2600000,0x00000000e2600000,0x00000000e2a00000)
 ParOldGen       total 65536K, used 758K [0x00000000a1e00000, 0x00000000a5e00000, 0x00000000e0a00000)
  object space 65536K, 1% used [0x00000000a1e00000,0x00000000a1ebda98,0x00000000a5e00000)
 Metaspace       used 7601K, capacity 8658K, committed 8960K, reserved 1056768K
  class space    used 849K, capacity 910K, committed 1024K, reserved 1048576K
}
Event: 2.761 GC heap before
{Heap before GC invocations=2 (full 0):
 PSYoungGen      total 28672K, used 28663K [0x00000000e0a00000, 0x00000000e2a00000, 0x0000000100000000)
  eden space 24576K, 100% used [0x00000000e0a00000,0x00000000e2200000,0x00000000e2200000)
  from space 4096K, 99% used [0x00000000e2200000,0x00000000e25fdc18,0x00000000e2600000)
  to   space 4096K, 0% used [0x00000000e2600000,0x00000000e2600000,0x00000000e2a00000)
 ParOldGen       total 65536K, used 758K [0x00000000a1e00000, 0x00000000a5e00000, 0x00000000e0a00000)
  object space 65536K, 1% used [0x00000000a1e00000,0x00000000a1ebda98,0x00000000a5e00000)
 Metaspace       used 7639K, capacity 8722K, committed 8960K, reserved 1056768K
  class space    used 849K, capacity 910K, committed 1024K, reserved 1048576K
Event: 2.764 GC heap after
Heap after GC invocations=2 (full 0):
 PSYoungGen      total 28672K, used 3290K [0x00000000e0a00000, 0x00000000e2a00000, 0x0000000100000000)
  eden space 24576K, 0% used [0x00000000e0a00000,0x00000000e0a00000,0x00000000e2200000)
  from space 4096K, 80% used [0x00000000e2600000,0x00000000e2936970,0x00000000e2a00000)
  to   space 4096K, 0% used [0x00000000e2200000,0x00000000e2200000,0x00000000e2600000)
 ParOldGen       total 65536K, used 766K [0x00000000a1e00000, 0x00000000a5e00000, 0x00000000e0a00000)
  object space 65536K, 1% used [0x00000000a1e00000,0x00000000a1ebfa98,0x00000000a5e00000)
 Metaspace       used 7639K, capacity 8722K, committed 8960K, reserved 1056768K
  class space    used 849K, capacity 910K, committed 1024K, reserved 1048576K
}
Event: 3.026 GC heap before
{Heap before GC invocations=3 (full 0):
 PSYoungGen      total 28672K, used 27866K [0x00000000e0a00000, 0x00000000e2a00000, 0x0000000100000000)
  eden space 24576K, 100% used [0x00000000e0a00000,0x00000000e2200000,0x00000000e2200000)
  from space 4096K, 80% used [0x00000000e2600000,0x00000000e2936970,0x00000000e2a00000)
  to   space 4096K, 0% used [0x00000000e2200000,0x00000000e2200000,0x00000000e2600000)
 ParOldGen       total 65536K, used 766K [0x00000000a1e00000, 0x00000000a5e00000, 0x00000000e0a00000)
  object space 65536K, 1% used [0x00000000a1e00000,0x00000000a1ebfa98,0x00000000a5e00000)
 Metaspace       used 10475K, capacity 11474K, committed 11648K, reserved 1058816K
  class space    used 1264K, capacity 1294K, committed 1408K, reserved 1048576K
Event: 3.031 GC heap after
Heap after GC invocations=3 (full 0):
 PSYoungGen      total 28672K, used 3666K [0x00000000e0a00000, 0x00000000e2a00000, 0x0000000100000000)
  eden space 24576K, 0% used [0x00000000e0a00000,0x00000000e0a00000,0x00000000e2200000)
  from space 4096K, 89% used [0x00000000e2200000,0x00000000e2594a40,0x00000000e2600000)
  to   space 4096K, 0% used [0x00000000e2600000,0x00000000e2600000,0x00000000e2a00000)
 ParOldGen       total 65536K, used 774K [0x00000000a1e00000, 0x00000000a5e00000, 0x00000000e0a00000)
  object space 65536K, 1% used [0x00000000a1e00000,0x00000000a1ec1a98,0x00000000a5e00000)
 Metaspace       used 10475K, capacity 11474K, committed 11648K, reserved 1058816K
  class space    used 1264K, capacity 1294K, committed 1408K, reserved 1048576K
}
Event: 6.553 GC heap before
{Heap before GC invocations=4 (full 0):
 PSYoungGen      total 28672K, used 28242K [0x00000000e0a00000, 0x00000000e2a00000, 0x0000000100000000)
  eden space 24576K, 100% used [0x00000000e0a00000,0x00000000e2200000,0x00000000e2200000)
  from space 4096K, 89% used [0x00000000e2200000,0x00000000e2594a40,0x00000000e2600000)
  to   space 4096K, 0% used [0x00000000e2600000,0x00000000e2600000,0x00000000e2a00000)
 ParOldGen       total 65536K, used 774K [0x00000000a1e00000, 0x00000000a5e00000, 0x00000000e0a00000)
  object space 65536K, 1% used [0x00000000a1e00000,0x00000000a1ec1a98,0x00000000a5e00000)
 Metaspace       used 11253K, capacity 12274K, committed 12416K, reserved 1060864K
  class space    used 1347K, capacity 1390K, committed 1408K, reserved 1048576K
Event: 6.571 GC heap after
Heap after GC invocations=4 (full 0):
 PSYoungGen      total 28672K, used 4083K [0x00000000e0a00000, 0x00000000e2a00000, 0x0000000100000000)
  eden space 24576K, 0% used [0x00000000e0a00000,0x00000000e0a00000,0x00000000e2200000)
  from space 4096K, 99% used [0x00000000e2600000,0x00000000e29fce30,0x00000000e2a00000)
  to   space 4096K, 0% used [0x00000000e2200000,0x00000000e2200000,0x00000000e2600000)
 ParOldGen       total 65536K, used 10247K [0x00000000a1e00000, 0x00000000a5e00000, 0x00000000e0a00000)
  object space 65536K, 15% used [0x00000000a1e00000,0x00000000a2801f00,0x00000000a5e00000)
 Metaspace       used 11253K, capacity 12274K, committed 12416K, reserved 1060864K
  class space    used 1347K, capacity 1390K, committed 1408K, reserved 1048576K
}
Event: 11.552 GC heap before
{Heap before GC invocations=5 (full 0):
 PSYoungGen      total 28672K, used 28659K [0x00000000e0a00000, 0x00000000e2a00000, 0x0000000100000000)
  eden space 24576K, 100% used [0x00000000e0a00000,0x00000000e2200000,0x00000000e2200000)
  from space 4096K, 99% used [0x00000000e2600000,0x00000000e29fce30,0x00000000e2a00000)
  to   space 4096K, 0% used [0x00000000e2200000,0x00000000e2200000,0x00000000e2600000)
 ParOldGen       total 65536K, used 10247K [0x00000000a1e00000, 0x00000000a5e00000, 0x00000000e0a00000)
  object space 65536K, 15% used [0x00000000a1e00000,0x00000000a2801f00,0x00000000a5e00000)
 Metaspace       used 11341K, capacity 12402K, committed 12672K, reserved 1060864K
  class space    used 1352K, capacity 1390K, committed 1408K, reserved 1048576K
Event: 11.573 GC heap after
Heap after GC invocations=5 (full 0):
 PSYoungGen      total 28160K, used 4083K [0x00000000e0a00000, 0x00000000e4180000, 0x0000000100000000)
  eden space 24064K, 0% used [0x00000000e0a00000,0x00000000e0a00000,0x00000000e2180000)
  from space 4096K, 99% used [0x00000000e2200000,0x00000000e25fce10,0x00000000e2600000)
  to   space 16384K, 0% used [0x00000000e3180000,0x00000000e3180000,0x00000000e4180000)
 ParOldGen       total 65536K, used 19630K [0x00000000a1e00000, 0x00000000a5e00000, 0x00000000e0a00000)
  object space 65536K, 29% used [0x00000000a1e00000,0x00000000a312bab0,0x00000000a5e00000)
 Metaspace       used 11341K, capacity 12402K, committed 12672K, reserved 1060864K
  class space    used 1352K, capacity 1390K, committed 1408K, reserved 1048576K
}

