# JRE version: Java(TM) SE Runtime Environment (8.0_40-b25) (build 1.8.0_40-b25)
# Java VM: Java HotSpot(TM) 64-Bit Server VM (25.40-b25 mixed mode windows-amd64 compressed oops)
Heap:
 PSYoungGen      total 39936K, used 30421K [0x00000000e0a00000, 0x00000000e4d00000, 0x0000000100000000)
  eden space 21504K, 55% used [0x00000000e0a00000,0x00000000e15bcb68,0x00000000e1f00000)
  from space 18432K, 99% used [0x00000000e1f80000,0x00000000e31788e8,0x00000000e3180000)
  to   space 23552K, 0% used [0x00000000e3600000,0x00000000e3600000,0x00000000e4d00000)
 ParOldGen       total 65536K, used 23316K [0x00000000a1e00000, 0x00000000a5e00000, 0x00000000e0a00000)
  object space 65536K, 35% used [0x00000000a1e00000,0x00000000a34c50f8,0x00000000a5e00000)
 Metaspace       used 12223K, capacity 12930K, committed 13056K, reserved 1060864K
  class space    used 1433K, capacity 1517K, committed 1536K, reserved 1048576K
GC Heap History (10 events):
Event: 3.476 GC heap before
{Heap before GC invocations=3 (full 0):
 PSYoungGen      total 28672K, used 27648K [0x00000000e0a00000, 0x00000000e2a00000, 0x0000000100000000)
  eden space 24576K, 100% used [0x00000000e0a00000,0x00000000e2200000,0x00000000e2200000)
  from space 4096K, 75% used [0x00000000e2600000,0x00000000e2900390,0x00000000e2a00000)
  to   space 4096K, 0% used [0x00000000e2200000,0x00000000e2200000,0x00000000e2600000)
 ParOldGen       total 65536K, used 472K [0x00000000a1e00000, 0x00000000a5e00000, 0x00000000e0a00000)
  object space 65536K, 0% used [0x00000000a1e00000,0x00000000a1e76058,0x00000000a5e00000)
 Metaspace       used 10922K, capacity 11466K, committed 11648K, reserved 1058816K
  class space    used 1311K, capacity 1349K, committed 1408K, reserved 1048576K
Event: 3.480 GC heap after
Heap after GC invocations=3 (full 0):
 PSYoungGen      total 28672K, used 3939K [0x00000000e0a00000, 0x00000000e2a00000, 0x0000000100000000)
  eden space 24576K, 0% used [0x00000000e0a00000,0x00000000e0a00000,0x00000000e2200000)
  from space 4096K, 96% used [0x00000000e2200000,0x00000000e25d8e60,0x00000000e2600000)
  to   space 4096K, 0% used [0x00000000e2600000,0x00000000e2600000,0x00000000e2a00000)
 ParOldGen       total 65536K, used 480K [0x00000000a1e00000, 0x00000000a5e00000, 0x00000000e0a00000)
  object space 65536K, 0% used [0x00000000a1e00000,0x00000000a1e78058,0x00000000a5e00000)
 Metaspace       used 10922K, capacity 11466K, committed 11648K, reserved 1058816K
  class space    used 1311K, capacity 1349K, committed 1408K, reserved 1048576K
}
Event: 8.170 GC heap before
{Heap before GC invocations=4 (full 0):
 PSYoungGen      total 28672K, used 28515K [0x00000000e0a00000, 0x00000000e2a00000, 0x0000000100000000)
  eden space 24576K, 100% used [0x00000000e0a00000,0x00000000e2200000,0x00000000e2200000)
  from space 4096K, 96% used [0x00000000e2200000,0x00000000e25d8e60,0x00000000e2600000)
  to   space 4096K, 0% used [0x00000000e2600000,0x00000000e2600000,0x00000000e2a00000)
 ParOldGen       total 65536K, used 480K [0x00000000a1e00000, 0x00000000a5e00000, 0x00000000e0a00000)
  object space 65536K, 0% used [0x00000000a1e00000,0x00000000a1e78058,0x00000000a5e00000)
 Metaspace       used 10965K, capacity 11530K, committed 11648K, reserved 1058816K
  class space    used 1311K, capacity 1349K, committed 1408K, reserved 1048576K
Event: 8.192 GC heap after
Heap after GC invocations=4 (full 0):
 PSYoungGen      total 28672K, used 4082K [0x00000000e0a00000, 0x00000000e2a00000, 0x0000000100000000)
  eden space 24576K, 0% used [0x00000000e0a00000,0x00000000e0a00000,0x00000000e2200000)
  from space 4096K, 99% used [0x00000000e2600000,0x00000000e29fc910,0x00000000e2a00000)
  to   space 4096K, 0% used [0x00000000e2200000,0x00000000e2200000,0x00000000e2600000)
 ParOldGen       total 65536K, used 11481K [0x00000000a1e00000, 0x00000000a5e00000, 0x00000000e0a00000)
  object space 65536K, 17% used [0x00000000a1e00000,0x00000000a29366b8,0x00000000a5e00000)
 Metaspace       used 10965K, capacity 11530K, committed 11648K, reserved 1058816K
  class space    used 1311K, capacity 1349K, committed 1408K, reserved 1048576K
}
Event: 15.039 GC heap before
{Heap before GC invocations=5 (full 0):
 PSYoungGen      total 28672K, used 28658K [0x00000000e0a00000, 0x00000000e2a00000, 0x0000000100000000)
  eden space 24576K, 100% used [0x00000000e0a00000,0x00000000e2200000,0x00000000e2200000)
  from space 4096K, 99% used [0x00000000e2600000,0x00000000e29fc910,0x00000000e2a00000)
  to   space 4096K, 0% used [0x00000000e2200000,0x00000000e2200000,0x00000000e2600000)
 ParOldGen       total 65536K, used 11481K [0x00000000a1e00000, 0x00000000a5e00000, 0x00000000e0a00000)
  object space 65536K, 17% used [0x00000000a1e00000,0x00000000a29366b8,0x00000000a5e00000)
 Metaspace       used 11072K, capacity 11658K, committed 11904K, reserved 1060864K
  class space    used 1315K, capacity 1349K, committed 1408K, reserved 1048576K
Event: 15.056 GC heap after
Heap after GC invocations=5 (full 0):
 PSYoungGen      total 28160K, used 4083K [0x00000000e0a00000, 0x00000000e4180000, 0x0000000100000000)
  eden space 24064K, 0% used [0x00000000e0a00000,0x00000000e0a00000,0x00000000e2180000)
  from space 4096K, 99% used [0x00000000e2200000,0x00000000e25fce30,0x00000000e2600000)
  to   space 16384K, 0% used [0x00000000e3180000,0x00000000e3180000,0x00000000e4180000)
 ParOldGen       total 65536K, used 19795K [0x00000000a1e00000, 0x00000000a5e00000, 0x00000000e0a00000)
  object space 65536K, 30% used [0x00000000a1e00000,0x00000000a3154d90,0x00000000a5e00000)
 Metaspace       used 11072K, capacity 11658K, committed 11904K, reserved 1060864K
  class space    used 1315K, capacity 1349K, committed 1408K, reserved 1048576K
}
Event: 17.497 GC heap before
{Heap before GC invocations=6 (full 0):
 PSYoungGen      total 28160K, used 28147K [0x00000000e0a00000, 0x00000000e4180000, 0x0000000100000000)
  eden space 24064K, 100% used [0x00000000e0a00000,0x00000000e2180000,0x00000000e2180000)
  from space 4096K, 99% used [0x00000000e2200000,0x00000000e25fce30,0x00000000e2600000)
  to   space 16384K, 0% used [0x00000000e3180000,0x00000000e3180000,0x00000000e4180000)
 ParOldGen       total 65536K, used 19795K [0x00000000a1e00000, 0x00000000a5e00000, 0x00000000e0a00000)
  object space 65536K, 30% used [0x00000000a1e00000,0x00000000a3154d90,0x00000000a5e00000)
 Metaspace       used 11527K, capacity 12170K, committed 12544K, reserved 1060864K
  class space    used 1354K, capacity 1413K, committed 1536K, reserved 1048576K
Event: 17.516 GC heap after
Heap after GC invocations=6 (full 0):
 PSYoungGen      total 38400K, used 13768K [0x00000000e0a00000, 0x00000000e4500000, 0x0000000100000000)
  eden space 22016K, 0% used [0x00000000e0a00000,0x00000000e0a00000,0x00000000e1f80000)
  from space 16384K, 84% used [0x00000000e3180000,0x00000000e3ef23c8,0x00000000e4180000)
  to   space 18432K, 0% used [0x00000000e1f80000,0x00000000e1f80000,0x00000000e3180000)
 ParOldGen       total 65536K, used 19795K [0x00000000a1e00000, 0x00000000a5e00000, 0x00000000e0a00000)
  object space 65536K, 30% used [0x00000000a1e00000,0x00000000a3154d90,0x00000000a5e00000)
 Metaspace       used 11527K, capacity 12170K, committed 12544K, reserved 1060864K
  class space    used 1354K, capacity 1413K, committed 1536K, reserved 1048576K
}
Event: 18.306 GC heap before
{Heap before GC invocations=7 (full 0):
 PSYoungGen      total 38400K, used 35784K [0x00000000e0a00000, 0x00000000e4500000, 0x0000000100000000)
  eden space 22016K, 100% used [0x00000000e0a00000,0x00000000e1f80000,0x00000000e1f80000)
  from space 16384K, 84% used [0x00000000e3180000,0x00000000e3ef23c8,0x00000000e4180000)
  to   space 18432K, 0% used [0x00000000e1f80000,0x00000000e1f80000,0x00000000e3180000)
 ParOldGen       total 65536K, used 19795K [0x00000000a1e00000, 0x00000000a5e00000, 0x00000000e0a00000)
  object space 65536K, 30% used [0x00000000a1e00000,0x00000000a3154d90,0x00000000a5e00000)
 Metaspace       used 11633K, capacity 12234K, committed 12544K, reserved 1060864K
  class space    used 1360K, capacity 1413K, committed 1536K, reserved 1048576K
Event: 18.327 GC heap after
Heap after GC invocations=7 (full 0):
 PSYoungGen      total 39936K, used 18402K [0x00000000e0a00000, 0x00000000e4d00000, 0x0000000100000000)
  eden space 21504K, 0% used [0x00000000e0a00000,0x00000000e0a00000,0x00000000e1f00000)
  from space 18432K, 99% used [0x00000000e1f80000,0x00000000e31788e8,0x00000000e3180000)
  to   space 23552K, 0% used [0x00000000e3600000,0x00000000e3600000,0x00000000e4d00000)
 ParOldGen       total 65536K, used 23316K [0x00000000a1e00000, 0x00000000a5e00000, 0x00000000e0a00000)
  object space 65536K, 35% used [0x00000000a1e00000,0x00000000a34c50f8,0x00000000a5e00000)
 Metaspace       used 11633K, capacity 12234K, committed 12544K, reserved 1060864K
  class space    used 1360K, capacity 1413K, committed 1536K, reserved 1048576K
}

